<?xml version="1.0" encoding="UTF-8"?>
<testng-results ignored="0" total="7" passed="7" failed="0" skipped="0">
  <reporter-output>
  </reporter-output>
  <suite started-at="2023-07-24T17:30:51 IST" name="Suite" finished-at="2023-07-24T17:33:20 IST" duration-ms="149055">
    <groups>
    </groups>
    <test started-at="2023-07-24T17:30:51 IST" name="Test" finished-at="2023-07-24T17:33:20 IST" duration-ms="149055">
      <class name="com.qa.testscripts.AutomationAnywhereModified">
        <test-method is-config="true" signature="setUp()[pri:0, instance:com.qa.testscripts.AutomationAnywhereModified@38c6f217]" started-at="2023-07-24T17:30:51 IST" name="setUp" finished-at="2023-07-24T17:32:08 IST" duration-ms="76643" status="PASS">
          <reporter-output>
          </reporter-output>
        </test-method> <!-- setUp -->
        <test-method signature="testProductLink()[pri:1, instance:com.qa.testscripts.AutomationAnywhereModified@38c6f217]" started-at="2023-07-24T17:32:28 IST" name="testProductLink" finished-at="2023-07-24T17:32:33 IST" duration-ms="5368" status="PASS">
          <reporter-output>
          </reporter-output>
        </test-method> <!-- testProductLink -->
        <test-method signature="testSolutionsLink()[pri:2, instance:com.qa.testscripts.AutomationAnywhereModified@38c6f217]" started-at="2023-07-24T17:32:33 IST" name="testSolutionsLink" finished-at="2023-07-24T17:32:42 IST" duration-ms="8328" status="PASS">
          <reporter-output>
          </reporter-output>
        </test-method> <!-- testSolutionsLink -->
        <test-method signature="testResourcesLink()[pri:3, instance:com.qa.testscripts.AutomationAnywhereModified@38c6f217]" started-at="2023-07-24T17:32:42 IST" name="testResourcesLink" finished-at="2023-07-24T17:32:51 IST" duration-ms="9408" status="PASS">
          <reporter-output>
          </reporter-output>
        </test-method> <!-- testResourcesLink -->
        <test-method signature="testBeyondRPALink()[pri:4, instance:com.qa.testscripts.AutomationAnywhereModified@38c6f217]" started-at="2023-07-24T17:32:51 IST" name="testBeyondRPALink" finished-at="2023-07-24T17:33:00 IST" duration-ms="8822" status="PASS">
          <reporter-output>
          </reporter-output>
        </test-method> <!-- testBeyondRPALink -->
        <test-method signature="testCompanyLink()[pri:5, instance:com.qa.testscripts.AutomationAnywhereModified@38c6f217]" started-at="2023-07-24T17:33:00 IST" name="testCompanyLink" finished-at="2023-07-24T17:33:06 IST" duration-ms="5679" status="PASS">
          <reporter-output>
          </reporter-output>
        </test-method> <!-- testCompanyLink -->
        <test-method is-config="true" signature="tearDown()[pri:0, instance:com.qa.testscripts.AutomationAnywhereModified@38c6f217]" started-at="2023-07-24T17:33:19 IST" name="tearDown" finished-at="2023-07-24T17:33:20 IST" duration-ms="1503" status="PASS">
          <reporter-output>
          </reporter-output>
        </test-method> <!-- tearDown -->
      </class> <!-- com.qa.testscripts.AutomationAnywhereModified -->
      <class name="com.qa.testscripts.AutomationAnywhereTest">
        <test-method is-config="true" signature="setUp()[pri:0, instance:com.qa.testscripts.AutomationAnywhereTest@564fabc8]" started-at="2023-07-24T17:32:08 IST" name="setUp" finished-at="2023-07-24T17:32:28 IST" duration-ms="20131" status="PASS">
          <reporter-output>
          </reporter-output>
        </test-method> <!-- setUp -->
        <test-method signature="verifyLogoPresence()[pri:1, instance:com.qa.testscripts.AutomationAnywhereTest@564fabc8]" started-at="2023-07-24T17:33:06 IST" name="verifyLogoPresence" finished-at="2023-07-24T17:33:11 IST" duration-ms="5647" status="PASS">
          <reporter-output>
          </reporter-output>
        </test-method> <!-- verifyLogoPresence -->
        <test-method signature="verifyRequestDemoButton()[pri:2, instance:com.qa.testscripts.AutomationAnywhereTest@564fabc8]" started-at="2023-07-24T17:33:11 IST" name="verifyRequestDemoButton" finished-at="2023-07-24T17:33:16 IST" duration-ms="5229" status="PASS">
          <reporter-output>
          </reporter-output>
        </test-method> <!-- verifyRequestDemoButton -->
        <test-method is-config="true" signature="tearDown()[pri:0, instance:com.qa.testscripts.AutomationAnywhereTest@564fabc8]" started-at="2023-07-24T17:33:16 IST" name="tearDown" finished-at="2023-07-24T17:33:19 IST" duration-ms="2177" status="PASS">
          <reporter-output>
          </reporter-output>
        </test-method> <!-- tearDown -->
      </class> <!-- com.qa.testscripts.AutomationAnywhereTest -->
    </test> <!-- Test -->
  </suite> <!-- Suite -->
</testng-results>
